Build started 28.06.2016 11:10:37.
     1>Project "C:\Users\efe\documents\visual studio 2012\Projects\DataCollectorKinect\DataCollectorKinect\DataCollectorKinect.vcxproj" on node 2 (Build target(s)).
     1>ClCompile:
         C:\Program Files (x86)\Microsoft Visual Studio 11.0\VC\bin\CL.exe /c /IC:\Users\efe\OpenCV3\opencv\build\include\opencv /IC:\Users\efe\OpenCV3\opencv\build\include /I"C:\Program Files\Microsoft SDKs\Kinect\v2.0_1409\inc" /I"C:\Program Files (x86)\Java\jdk1.8.0_77\include" /I"C:\Program Files (x86)\Java\jdk1.8.0_77\include\win32" /Zi /nologo /W3 /WX- /O2 /Oi /Oy- /GL /D "WIN32" /D NDEBUG /D _CONSOLE /D "_CRT_SECURE_NO_WARNINGS" /D "_UNICODE" /D "UNICODE" /Gm- /EHsc /MD /GS /Gy /fp:precise /Zc:wchar_t /Zc:forScope /Fo"Release\\" /Fd"Release\vc110.pdb" /Gd /TP /analyze- /errorReport:prompt main.cpp
         main.cpp
     1>c:\users\efe\documents\visual studio 2012\projects\datacollectorkinect\datacollectorkinect\cameraparameters.h(56): warning C4290: C++ exception specification ignored except to indicate a function is not __declspec(nothrow)
     1>c:\users\efe\documents\visual studio 2012\projects\datacollectorkinect\datacollectorkinect\cameraparameters.h(62): warning C4290: C++ exception specification ignored except to indicate a function is not __declspec(nothrow)
     1>c:\users\efe\documents\visual studio 2012\projects\datacollectorkinect\datacollectorkinect\cameraparameters.h(77): warning C4290: C++ exception specification ignored except to indicate a function is not __declspec(nothrow)
     1>c:\users\efe\documents\visual studio 2012\projects\datacollectorkinect\datacollectorkinect\cameraparameters.h(80): warning C4290: C++ exception specification ignored except to indicate a function is not __declspec(nothrow)
     1>c:\users\efe\documents\visual studio 2012\projects\datacollectorkinect\datacollectorkinect\cameraparameters.h(84): warning C4290: C++ exception specification ignored except to indicate a function is not __declspec(nothrow)
     1>c:\users\efe\documents\visual studio 2012\projects\datacollectorkinect\datacollectorkinect\cameraparameters.h(88): warning C4290: C++ exception specification ignored except to indicate a function is not __declspec(nothrow)
     1>c:\users\efe\documents\visual studio 2012\projects\datacollectorkinect\datacollectorkinect\cameraparameters.h(106): warning C4290: C++ exception specification ignored except to indicate a function is not __declspec(nothrow)
     1>c:\users\efe\documents\visual studio 2012\projects\datacollectorkinect\datacollectorkinect\cameraparameters.h(119): warning C4290: C++ exception specification ignored except to indicate a function is not __declspec(nothrow)
     1>c:\users\efe\documents\visual studio 2012\projects\datacollectorkinect\datacollectorkinect\cameraparameters.h(129): warning C4290: C++ exception specification ignored except to indicate a function is not __declspec(nothrow)
     1>c:\users\efe\documents\visual studio 2012\projects\datacollectorkinect\datacollectorkinect\cameraparameters.h(130): warning C4290: C++ exception specification ignored except to indicate a function is not __declspec(nothrow)
     1>c:\users\efe\documents\visual studio 2012\projects\datacollectorkinect\datacollectorkinect\marker.h(76): warning C4290: C++ exception specification ignored except to indicate a function is not __declspec(nothrow)
     1>c:\users\efe\documents\visual studio 2012\projects\datacollectorkinect\datacollectorkinect\marker.h(83): warning C4290: C++ exception specification ignored except to indicate a function is not __declspec(nothrow)
     1>c:\users\efe\documents\visual studio 2012\projects\datacollectorkinect\datacollectorkinect\marker.h(88): warning C4290: C++ exception specification ignored except to indicate a function is not __declspec(nothrow)
     1>c:\users\efe\documents\visual studio 2012\projects\datacollectorkinect\datacollectorkinect\marker.h(100): warning C4290: C++ exception specification ignored except to indicate a function is not __declspec(nothrow)
     1>c:\users\efe\documents\visual studio 2012\projects\datacollectorkinect\datacollectorkinect\markerdetector.h(87): warning C4290: C++ exception specification ignored except to indicate a function is not __declspec(nothrow)
     1>c:\users\efe\documents\visual studio 2012\projects\datacollectorkinect\datacollectorkinect\markerdetector.h(99): warning C4290: C++ exception specification ignored except to indicate a function is not __declspec(nothrow)
     1>c:\users\efe\documents\visual studio 2012\projects\datacollectorkinect\datacollectorkinect\markerdetector.h(176): warning C4290: C++ exception specification ignored except to indicate a function is not __declspec(nothrow)
     1>c:\users\efe\documents\visual studio 2012\projects\datacollectorkinect\datacollectorkinect\markerdetector.h(211): warning C4290: C++ exception specification ignored except to indicate a function is not __declspec(nothrow)
     1>c:\users\efe\documents\visual studio 2012\projects\datacollectorkinect\datacollectorkinect\markerdetector.h(253): warning C4290: C++ exception specification ignored except to indicate a function is not __declspec(nothrow)
     1>c:\users\efe\documents\visual studio 2012\projects\datacollectorkinect\datacollectorkinect\markerdetector.h(271): warning C4290: C++ exception specification ignored except to indicate a function is not __declspec(nothrow)
     1>c:\users\efe\documents\visual studio 2012\projects\datacollectorkinect\datacollectorkinect\markerdetector.h(296): warning C4290: C++ exception specification ignored except to indicate a function is not __declspec(nothrow)
     1>c:\users\efe\documents\visual studio 2012\projects\datacollectorkinect\datacollectorkinect\markerdetector.h(299): warning C4290: C++ exception specification ignored except to indicate a function is not __declspec(nothrow)
     1>c:\users\efe\documents\visual studio 2012\projects\datacollectorkinect\datacollectorkinect\board.h(87): warning C4290: C++ exception specification ignored except to indicate a function is not __declspec(nothrow)
     1>c:\users\efe\documents\visual studio 2012\projects\datacollectorkinect\datacollectorkinect\board.h(98): warning C4290: C++ exception specification ignored except to indicate a function is not __declspec(nothrow)
     1>c:\users\efe\documents\visual studio 2012\projects\datacollectorkinect\datacollectorkinect\board.h(101): warning C4290: C++ exception specification ignored except to indicate a function is not __declspec(nothrow)
     1>c:\users\efe\documents\visual studio 2012\projects\datacollectorkinect\datacollectorkinect\board.h(113): warning C4290: C++ exception specification ignored except to indicate a function is not __declspec(nothrow)
     1>c:\users\efe\documents\visual studio 2012\projects\datacollectorkinect\datacollectorkinect\board.h(121): warning C4290: C++ exception specification ignored except to indicate a function is not __declspec(nothrow)
     1>c:\users\efe\documents\visual studio 2012\projects\datacollectorkinect\datacollectorkinect\board.h(124): warning C4290: C++ exception specification ignored except to indicate a function is not __declspec(nothrow)
     1>c:\users\efe\documents\visual studio 2012\projects\datacollectorkinect\datacollectorkinect\board.h(147): warning C4290: C++ exception specification ignored except to indicate a function is not __declspec(nothrow)
     1>c:\users\efe\documents\visual studio 2012\projects\datacollectorkinect\datacollectorkinect\board.h(159): warning C4290: C++ exception specification ignored except to indicate a function is not __declspec(nothrow)
     1>c:\users\efe\documents\visual studio 2012\projects\datacollectorkinect\datacollectorkinect\board.h(164): warning C4290: C++ exception specification ignored except to indicate a function is not __declspec(nothrow)
     1>c:\users\efe\documents\visual studio 2012\projects\datacollectorkinect\datacollectorkinect\board.h(167): warning C4290: C++ exception specification ignored except to indicate a function is not __declspec(nothrow)
     1>c:\users\efe\documents\visual studio 2012\projects\datacollectorkinect\datacollectorkinect\boarddetector.h(82): warning C4290: C++ exception specification ignored except to indicate a function is not __declspec(nothrow)
     1>c:\users\efe\documents\visual studio 2012\projects\datacollectorkinect\datacollectorkinect\boarddetector.h(108): warning C4290: C++ exception specification ignored except to indicate a function is not __declspec(nothrow)
     1>c:\users\efe\documents\visual studio 2012\projects\datacollectorkinect\datacollectorkinect\boarddetector.h(110): warning C4290: C++ exception specification ignored except to indicate a function is not __declspec(nothrow)
     1>main.cpp(120): warning C4244: '=' : conversion from 'int' to 'float', possible loss of data
     1>main.cpp(121): warning C4244: '=' : conversion from 'int' to 'float', possible loss of data
     1>main.cpp(175): warning C4018: '<' : signed/unsigned mismatch
       Link:
         C:\Program Files (x86)\Microsoft Visual Studio 11.0\VC\bin\link.exe /ERRORREPORT:PROMPT /OUT:"C:\Users\efe\documents\visual studio 2012\Projects\DataCollectorKinect\Release\DataCollectorKinect.exe" /INCREMENTAL:NO /NOLOGO /LIBPATH:C:\Users\efe\OpenCV3\opencv\build\x86\vc11\lib /LIBPATH:"C:\Program Files\Microsoft SDKs\Kinect\v2.0_1409\Lib\x86" /LIBPATH:"C:\Program Files (x86)\Java\jdk1.8.0_77\lib" /LIBPATH:C:\Users\efe\Documents Kinect20.lib Kinect20.Fusion.lib Kinect20.Face.lib opencv_ts300.lib opencv_world300.lib jvm.lib WS2_32.lib kernel32.lib user32.lib gdi32.lib winspool.lib comdlg32.lib advapi32.lib shell32.lib ole32.lib oleaut32.lib uuid.lib odbc32.lib odbccp32.lib /MANIFEST /MANIFESTUAC:"level='asInvoker' uiAccess='false'" /manifest:embed /DEBUG /PDB:"C:\Users\efe\documents\visual studio 2012\Projects\DataCollectorKinect\Release\DataCollectorKinect.pdb" /SUBSYSTEM:CONSOLE /OPT:REF /OPT:ICF /LTCG /TLBID:1 /DYNAMICBASE /NXCOMPAT /IMPLIB:"C:\Users\efe\documents\visual studio 2012\Projects\DataCollectorKinect\Release\DataCollectorKinect.lib" /MACHINE:X86 /SAFESEH Release\arucofidmarkers.obj
         Release\ar_omp.obj
         Release\board.obj
         Release\boarddetector.obj
         Release\cameraparameters.obj
         Release\chromaticmask.obj
         Release\highlyreliablemarkers.obj
         Release\main.obj
         Release\marker.obj
         Release\markerdetector.obj
         Release\subpixelcorner.obj
         Generating code
         Finished generating code
         DataCollectorKinect.vcxproj -> C:\Users\efe\documents\visual studio 2012\Projects\DataCollectorKinect\Release\DataCollectorKinect.exe
     1>Done Building Project "C:\Users\efe\documents\visual studio 2012\Projects\DataCollectorKinect\DataCollectorKinect\DataCollectorKinect.vcxproj" (Build target(s)).

Build succeeded.

Time Elapsed 00:00:03.82
